#
# There is insufficient memory for the Java Runtime Environment to continue.
# Native memory allocation (malloc) failed to allocate 135536 bytes for Chunk::new
# Possible reasons:
#   The system is out of physical RAM or swap space
#   The process is running with CompressedOops enabled, and the Java Heap may be blocking the growth of the native heap
# Possible solutions:
#   Reduce memory load on the system
#   Increase physical memory or swap space
#   Check if swap backing store is full
#   Decrease Java heap size (-Xmx/-Xms)
#   Decrease number of Java threads
#   Decrease Java thread stack sizes (-Xss)
#   Set larger code cache with -XX:ReservedCodeCacheSize=
#   JVM is running with Unscaled Compressed Oops mode in which the Java heap is
#     placed in the first 4GB address space. The Java Heap base address is the
#     maximum limit for the native heap growth. Please use -XX:HeapBaseMinAddress
#     to set the Java Heap base and to place the Java Heap above 4GB virtual address.
# This output file may be truncated or incomplete.
#
#  Out of Memory Error (allocation.cpp:389), pid=13716, tid=0x00000000000032f0
#
# JRE version: OpenJDK Runtime Environment (8.0_242-b01) (build 1.8.0_242-release-1644-b01)
# Java VM: OpenJDK 64-Bit Server VM (25.242-b01 mixed mode windows-amd64 compressed oops)
# Failed to write core dump. Minidumps are not enabled by default on client versions of Windows
#

---------------  T H R E A D  ---------------

Current thread (0x000000001779f000):  JavaThread "C2 CompilerThread1" daemon [_thread_in_native, id=13040, stack(0x0000000018f00000,0x0000000019000000)]

Stack: [0x0000000018f00000,0x0000000019000000]
[error occurred during error reporting (printing stack bounds), id 0xc0000005]

Native frames: (J=compiled Java code, j=interpreted, Vv=VM code, C=native code)


Current CompileTask:
C2:   1225  398 %     4       java.lang.String::toLowerCase @ 156 (439 bytes)


---------------  P R O C E S S  ---------------

Java Threads: ( => current thread )
  0x0000000019009000 JavaThread "Service Thread" daemon [_thread_blocked, id=8252, stack(0x0000000019500000,0x0000000019600000)]
  0x0000000019008800 JavaThread "C1 CompilerThread2" daemon [_thread_blocked, id=16224, stack(0x0000000019400000,0x0000000019500000)]
=>0x000000001779f000 JavaThread "C2 CompilerThread1" daemon [_thread_in_native, id=13040, stack(0x0000000018f00000,0x0000000019000000)]
  0x000000001779b000 JavaThread "C2 CompilerThread0" daemon [_thread_blocked, id=13272, stack(0x0000000018e00000,0x0000000018f00000)]
  0x0000000017799800 JavaThread "Attach Listener" daemon [_thread_blocked, id=11868, stack(0x0000000018d00000,0x0000000018e00000)]
  0x0000000017796000 JavaThread "Signal Dispatcher" daemon [_thread_blocked, id=13908, stack(0x0000000018c00000,0x0000000018d00000)]
  0x0000000002e17800 JavaThread "Finalizer" daemon [_thread_blocked, id=16372, stack(0x0000000018a00000,0x0000000018b00000)]
  0x0000000017779000 JavaThread "Reference Handler" daemon [_thread_blocked, id=14996, stack(0x0000000018900000,0x0000000018a00000)]
  0x0000000002d23800 JavaThread "main" [_thread_in_native, id=17348, stack(0x0000000002b20000,0x0000000002c20000)]

Other Threads:
  0x0000000017757800 VMThread [stack: 0x0000000018800000,0x0000000018900000] [id=3004]
  0x000000001900c000 WatcherThread [stack: 0x0000000019600000,0x0000000019700000] [id=4312]

VM state:not at safepoint (normal execution)

VM Mutex/Monitor currently owned by a thread: None

heap address: 0x0000000084a00000, size: 1974 MB, Compressed Oops mode: 32-bit
Narrow klass base: 0x0000000000000000, Narrow klass shift: 3
Compressed class space size: 1073741824 Address: 0x0000000100000000

Heap:
 PSYoungGen      total 36864K, used 7000K [0x00000000d6e00000, 0x00000000d9700000, 0x0000000100000000)
  eden space 31744K, 22% used [0x00000000d6e00000,0x00000000d74d60d0,0x00000000d8d00000)
  from space 5120K, 0% used [0x00000000d9200000,0x00000000d9200000,0x00000000d9700000)
  to   space 5120K, 0% used [0x00000000d8d00000,0x00000000d8d00000,0x00000000d9200000)
 ParOldGen       total 84992K, used 0K [0x0000000084a00000, 0x0000000089d00000, 0x00000000d6e00000)
  object space 84992K, 0% used [0x0000000084a00000,0x0000000084a00000,0x0000000089d00000)
 Metaspace       used 5190K, capacity 5414K, committed 5632K, reserved 1056768K
  class space    used 581K, capacity 677K, committed 768K, reserved 1048576K

Card table byte_map: [0x00000000121e0000,0x00000000125c0000] byte_map_base: 0x0000000011dbb000

Marking Bits: (ParMarkBitMap*) 0x00000000716ef030
 Begin Bits: [0x0000000012c60000, 0x0000000014b38000)
 End Bits:   [0x0000000014b38000, 0x0000000016a10000)

Polling page: 0x0000000002a30000

CodeCache: size=245760Kb used=1928Kb max_used=1928Kb free=243831Kb
 bounds [0x0000000002e20000, 0x0000000003090000, 0x0000000011e20000]
 total_blobs=699 nmethods=404 adapters=209
 compilation: enabled

Compilation events (10 events):
Event: 1.213 Thread 0x0000000019008800  396       3       java.util.LinkedHashMap::get (33 bytes)
Event: 1.214 Thread 0x0000000019008800 nmethod 396 0x0000000002ffc090 code [0x0000000002ffc220, 0x0000000002ffc728]
Event: 1.216 Thread 0x0000000019008800  397       3       java.util.LinkedHashMap$LinkedHashIterator::hasNext (13 bytes)
Event: 1.217 Thread 0x0000000019008800 nmethod 397 0x0000000002fff190 code [0x0000000002fff2e0, 0x0000000002fff490]
Event: 1.217 Thread 0x000000001779f000  398 %     4       java.lang.String::toLowerCase @ 156 (439 bytes)
Event: 1.223 Thread 0x0000000019008800  399       3       java.util.ArrayList$SubList$1::hasNext (20 bytes)
Event: 1.223 Thread 0x0000000019008800 nmethod 399 0x0000000002ffedd0 code [0x0000000002ffef20, 0x0000000002fff0d0]
Event: 1.224 Thread 0x0000000019008800  400       3       java.util.LinkedHashMap::newNode (23 bytes)
Event: 1.224 Thread 0x0000000019008800 nmethod 400 0x0000000002ffe5d0 code [0x0000000002ffe760, 0x0000000002ffeb90]
Event: 1.224 Thread 0x0000000019008800  401       3       java.util.LinkedHashMap$Entry::<init> (10 bytes)

GC Heap History (0 events):
No events

Deoptimization events (0 events):
No events

Classes redefined (0 events):
No events

Internal exceptions (10 events):
Event: 0.084 Thread 0x0000000002d23800 Exception <a 'java/lang/NoSuchMethodError': Method sun.misc.Unsafe.defineClass(Ljava/lang/String;[BII)Ljava/lang/Class; name or signature does not match> (0x00000000d6e07cc8) thrown at [C:\src\AOSP-openjdk-git\hotspot\src\share\vm\prims\jni.cpp, line 4013
Event: 0.084 Thread 0x0000000002d23800 Exception <a 'java/lang/NoSuchMethodError': Method sun.misc.Unsafe.prefetchRead(Ljava/lang/Object;J)V name or signature does not match> (0x00000000d6e07fb0) thrown at [C:\src\AOSP-openjdk-git\hotspot\src\share\vm\prims\jni.cpp, line 4013]
Event: 0.419 Thread 0x0000000002d23800 Exception <a 'java/security/PrivilegedActionException'> (0x00000000d6fb9640) thrown at [C:\src\AOSP-openjdk-git\hotspot\src\share\vm\prims\jvm.cpp, line 1502]
Event: 0.419 Thread 0x0000000002d23800 Exception <a 'java/security/PrivilegedActionException'> (0x00000000d6fb9850) thrown at [C:\src\AOSP-openjdk-git\hotspot\src\share\vm\prims\jvm.cpp, line 1502]
Event: 0.421 Thread 0x0000000002d23800 Exception <a 'java/security/PrivilegedActionException'> (0x00000000d6fbd458) thrown at [C:\src\AOSP-openjdk-git\hotspot\src\share\vm\prims\jvm.cpp, line 1502]
Event: 0.421 Thread 0x0000000002d23800 Exception <a 'java/security/PrivilegedActionException'> (0x00000000d6fbd668) thrown at [C:\src\AOSP-openjdk-git\hotspot\src\share\vm\prims\jvm.cpp, line 1502]
Event: 0.422 Thread 0x0000000002d23800 Exception <a 'java/security/PrivilegedActionException'> (0x00000000d6fbeba0) thrown at [C:\src\AOSP-openjdk-git\hotspot\src\share\vm\prims\jvm.cpp, line 1502]
Event: 0.422 Thread 0x0000000002d23800 Exception <a 'java/security/PrivilegedActionException'> (0x00000000d6fbedb0) thrown at [C:\src\AOSP-openjdk-git\hotspot\src\share\vm\prims\jvm.cpp, line 1502]
Event: 0.646 Thread 0x0000000002d23800 Exception <a 'java/lang/NoSuchFieldError': method resolution failed> (0x00000000d7199748) thrown at [C:\src\AOSP-openjdk-git\hotspot\src\share\vm\prims\methodHandles.cpp, line 1167]
Event: 0.649 Thread 0x0000000002d23800 Exception <a 'java/lang/NoSuchFieldError': method resolution failed> (0x00000000d71a6d60) thrown at [C:\src\AOSP-openjdk-git\hotspot\src\share\vm\prims\methodHandles.cpp, line 1167]

Events (10 events):
Event: 1.001 loading class java/util/LinkedHashMap$LinkedKeyIterator
Event: 1.001 loading class java/util/LinkedHashMap$LinkedKeyIterator done
Event: 1.014 loading class java/lang/invoke/DirectMethodHandle$Special
Event: 1.014 loading class java/lang/invoke/DirectMethodHandle$Special done
Event: 1.014 loading class org/gradle/api/internal/classpath/DefaultModuleRegistry
Event: 1.014 loading class org/gradle/api/internal/classpath/DefaultModuleRegistry done
Event: 1.025 loading class org/gradle/util/GUtil
Event: 1.025 loading class org/gradle/util/GUtil done
Event: 1.029 loading class org/gradle/api/Transformer
Event: 1.029 loading class org/gradle/api/Transformer done


Dynamic libraries:
0x00007ff68f4e0000 - 0x00007ff68f511000 	C:\Program Files\Android\Android Studio\jre\bin\java.exe
0x00007ff876f70000 - 0x00007ff877165000 	C:\WINDOWS\SYSTEM32\ntdll.dll
0x00007ff86d950000 - 0x00007ff86d963000 	C:\Program Files\Avast Software\Avast\aswhook.dll
0x00007ff876540000 - 0x00007ff8765fd000 	C:\WINDOWS\System32\KERNEL32.DLL
0x00007ff8749e0000 - 0x00007ff874ca8000 	C:\WINDOWS\System32\KERNELBASE.dll
0x00007ff876e80000 - 0x00007ff876f2c000 	C:\WINDOWS\System32\ADVAPI32.dll
0x00007ff874fd0000 - 0x00007ff87506e000 	C:\WINDOWS\System32\msvcrt.dll
0x00007ff875c20000 - 0x00007ff875cbb000 	C:\WINDOWS\System32\sechost.dll
0x00007ff8754e0000 - 0x00007ff87560b000 	C:\WINDOWS\System32\RPCRT4.dll
0x00007ff875d80000 - 0x00007ff875f20000 	C:\WINDOWS\System32\USER32.dll
0x00007ff874e10000 - 0x00007ff874e32000 	C:\WINDOWS\System32\win32u.dll
0x00007ff8764b0000 - 0x00007ff8764da000 	C:\WINDOWS\System32\GDI32.dll
0x00007ff874730000 - 0x00007ff87483b000 	C:\WINDOWS\System32\gdi32full.dll
0x00007ff874840000 - 0x00007ff8748dd000 	C:\WINDOWS\System32\msvcp_win.dll
0x00007ff8748e0000 - 0x00007ff8749e0000 	C:\WINDOWS\System32\ucrtbase.dll
0x00007ff868750000 - 0x00007ff8689ea000 	C:\WINDOWS\WinSxS\amd64_microsoft.windows.common-controls_6595b64144ccf1df_6.0.19041.844_none_ca00b6081b84eb1d\COMCTL32.dll
0x00007ff875d50000 - 0x00007ff875d80000 	C:\WINDOWS\System32\IMM32.DLL
0x0000000072730000 - 0x0000000072802000 	C:\Program Files\Android\Android Studio\jre\jre\bin\msvcr100.dll
0x0000000070f20000 - 0x000000007176b000 	C:\Program Files\Android\Android Studio\jre\jre\bin\server\jvm.dll
0x00007ff875070000 - 0x00007ff875078000 	C:\WINDOWS\System32\PSAPI.DLL
0x00007ff866340000 - 0x00007ff866349000 	C:\WINDOWS\SYSTEM32\WSOCK32.dll
0x00007ff875470000 - 0x00007ff8754db000 	C:\WINDOWS\System32\WS2_32.dll
0x00007ff868f70000 - 0x00007ff868f97000 	C:\WINDOWS\SYSTEM32\WINMM.dll
0x00007ff86dd30000 - 0x00007ff86dd3a000 	C:\WINDOWS\SYSTEM32\VERSION.dll
0x00007ff871fc0000 - 0x00007ff871fcf000 	C:\Program Files\Android\Android Studio\jre\jre\bin\verify.dll
0x00007ff859c20000 - 0x00007ff859c49000 	C:\Program Files\Android\Android Studio\jre\jre\bin\java.dll
0x00007ff86d0c0000 - 0x00007ff86d0d6000 	C:\Program Files\Android\Android Studio\jre\jre\bin\zip.dll
0x00007ff876730000 - 0x00007ff876e72000 	C:\WINDOWS\System32\SHELL32.dll
0x00007ff8727d0000 - 0x00007ff872f61000 	C:\WINDOWS\SYSTEM32\windows.storage.dll
0x00007ff875110000 - 0x00007ff875465000 	C:\WINDOWS\System32\combase.dll
0x00007ff874050000 - 0x00007ff87407c000 	C:\WINDOWS\SYSTEM32\Wldp.dll
0x00007ff875970000 - 0x00007ff875a1e000 	C:\WINDOWS\System32\SHCORE.dll
0x00007ff875bc0000 - 0x00007ff875c15000 	C:\WINDOWS\System32\shlwapi.dll
0x00007ff8745f0000 - 0x00007ff87460f000 	C:\WINDOWS\SYSTEM32\profapi.dll
0x00007ff868e40000 - 0x00007ff868e5a000 	C:\Program Files\Android\Android Studio\jre\jre\bin\net.dll
0x00007ff873dc0000 - 0x00007ff873e2a000 	C:\WINDOWS\system32\mswsock.dll
0x00007ff868d70000 - 0x00007ff868d83000 	C:\Program Files\Android\Android Studio\jre\jre\bin\nio.dll

VM Arguments:
jvm_args: -Dorg.gradle.appname=gradlew 
java_command: org.gradle.wrapper.GradleWrapperMain -q -Ptarget-platform=android-arm64 -Ptarget=E:\Flutter_programs\bark_n_bowss\bark\lib\main.dart -Ptrack-widget-creation=true -Pfilesystem-scheme=org-dartlang-root -Pdart-defines=flutter.inspector.structuredErrors%3Dtrue assembleDebug
java_class_path (initial): E:\Flutter_programs\bark_n_bowss\bark\android\\gradle\wrapper\gradle-wrapper.jar
Launcher Type: SUN_STANDARD

Environment Variables:
JAVA_HOME=C:\Program Files\Android\Android Studio\jre
JRE_HOME=C:\Program Files\Java\jre1.8.0_251
CLASSPATH=E:\Flutter_programs\bark_n_bowss\bark\android\\gradle\wrapper\gradle-wrapper.jar
USERNAME=DELL
OS=Windows_NT
PROCESSOR_IDENTIFIER=Intel64 Family 6 Model 78 Stepping 3, GenuineIntel



---------------  S Y S T E M  ---------------

OS: Windows 10.0 , 64 bit Build 19041 (10.0.19041.928)

CPU:total 4 (initial active 4) (2 cores per cpu, 2 threads per core) family 6 model 78 stepping 3, cmov, cx8, fxsr, mmx, sse, sse2, sse3, ssse3, sse4.1, sse4.2, popcnt, avx, avx2, aes, clmul, erms, 3dnowpref, lzcnt, ht, tsc, tscinvbit, bmi1, bmi2, adx

Memory: 4k page, physical 8080816k(1073572k free), swap 16469424k(620k free)

vm_info: OpenJDK 64-Bit Server VM (25.242-b01) for windows-amd64 JRE (1.8.0_242-release-1644-b01), built by "builder" with MS VC++ 10.0 (VS2010)

time: Sat May 01 00:12:39 2021
timezone: India Standard Time
elapsed time: 1 seconds (0d 0h 0m 1s)

