#
# There is insufficient memory for the Java Runtime Environment to continue.
# Native memory allocation (mmap) failed to map 2031616 bytes for Failed to commit area from 0x0000028af8810000 to 0x0000028af8a00000 of length 2031616.
# Possible reasons:
#   The system is out of physical RAM or swap space
#   The process is running with CompressedOops enabled, and the Java Heap may be blocking the growth of the native heap
# Possible solutions:
#   Reduce memory load on the system
#   Increase physical memory or swap space
#   Check if swap backing store is full
#   Decrease Java heap size (-Xmx/-Xms)
#   Decrease number of Java threads
#   Decrease Java thread stack sizes (-Xss)
#   Set larger code cache with -XX:ReservedCodeCacheSize=
#   JVM is running with Unscaled Compressed Oops mode in which the Java heap is
#     placed in the first 4GB address space. The Java Heap base address is the
#     maximum limit for the native heap growth. Please use -XX:HeapBaseMinAddress
#     to set the Java Heap base and to place the Java Heap above 4GB virtual address.
# This output file may be truncated or incomplete.
#
#  Out of Memory Error (./open/src/hotspot/os/windows/os_windows.cpp:3315), pid=13892, tid=16540
#
# JRE version:  (14.0.2+12) (build )
# Java VM: Java HotSpot(TM) 64-Bit Server VM (14.0.2+12-46, mixed mode, sharing, tiered, compressed oops, g1 gc, windows-amd64)
# No core dump will be written. Minidumps are not enabled by default on client versions of Windows
#

---------------  S U M M A R Y ------------

Command Line: -Dorg.gradle.appname=gradlew org.gradle.wrapper.GradleWrapperMain -q -Ptarget-platform=android-arm64 -Ptarget=E:\Flutter_programs\bark_n_bowss\bark\lib\main.dart -Ptrack-widget-creation=true -Pfilesystem-scheme=org-dartlang-root -Pdart-defines=flutter.inspector.structuredErrors%3Dtrue assembleDebug

Host: Intel(R) Core(TM) i5-6200U CPU @ 2.30GHz, 4 cores, 7G,  Windows 10 , 64 bit Build 19041 (10.0.19041.804)
Time: Thu Apr 22 12:09:06 2021 India Standard Time elapsed time: 0 seconds (0d 0h 0m 0s)

---------------  T H R E A D  ---------------

Current thread (0x0000028af7b96000):  JavaThread "Unknown thread" [_thread_in_vm, id=16540, stack(0x000000ba34b00000,0x000000ba34c00000)]

Stack: [0x000000ba34b00000,0x000000ba34c00000]
Native frames: (J=compiled Java code, j=interpreted, Vv=VM code, C=native code)
V  [jvm.dll+0x5f8a9a]
V  [jvm.dll+0x74247a]
V  [jvm.dll+0x743c2f]
V  [jvm.dll+0x744273]
V  [jvm.dll+0x20d288]
V  [jvm.dll+0x5f5dea]
V  [jvm.dll+0x5eac45]
V  [jvm.dll+0x2c7e9c]
V  [jvm.dll+0x2c7cd2]
V  [jvm.dll+0x2cdbbc]
V  [jvm.dll+0x313ffb]
V  [jvm.dll+0x313710]
V  [jvm.dll+0x2a092a]
V  [jvm.dll+0x2a1a79]
V  [jvm.dll+0x71fd48]
V  [jvm.dll+0x321c14]
V  [jvm.dll+0x70112c]
V  [jvm.dll+0x392def]
V  [jvm.dll+0x394e61]
C  [jli.dll+0x524b]
C  [ucrtbase.dll+0x21bb2]
C  [KERNEL32.DLL+0x17034]
C  [ntdll.dll+0x52651]


---------------  P R O C E S S  ---------------

Threads class SMR info:
_java_thread_list=0x00007ff88e9f3038, length=0, elements={
}

Java Threads: ( => current thread )

Other Threads:
  0x0000028af7bd7000 GCTaskThread "GC Thread#0" [stack: 0x000000ba34c00000,0x000000ba34d00000] [id=5248]
  0x0000028af7be7800 ConcurrentGCThread "G1 Main Marker" [stack: 0x000000ba34d00000,0x000000ba34e00000] [id=14368]
  0x0000028af7be9000 ConcurrentGCThread "G1 Conc#0" [stack: 0x000000ba34e00000,0x000000ba34f00000] [id=12708]

[error occurred during error reporting (printing all threads), id 0xc0000005, EXCEPTION_ACCESS_VIOLATION (0xc0000005) at pc=0x00007ff88e221257]

VM state:not at safepoint (not fully initialized)

VM Mutex/Monitor currently owned by a thread:  ([mutex/lock_event])
[0x0000028af7b91fe0] Heap_lock - owner thread: 0x0000028af7b96000

Heap address: 0x0000000084a00000, size: 1974 MB, Compressed Oops mode: 32-bit
Narrow klass base: 0x0000000000000000, Narrow klass shift: 0

GC Heap History (0 events):
No events

Deoptimization events (0 events):
No events

Classes unloaded (0 events):
No events

Classes redefined (0 events):
No events

Internal exceptions (0 events):
No events

Events (2 events):
Event: 0.014 Loaded shared library C:\Program Files\Java\jdk-14.0.2\bin\java.dll
Event: 0.015 Loaded shared library C:\Program Files\Java\jdk-14.0.2\bin\zip.dll


Dynamic libraries:
0x00007ff60fc00000 - 0x00007ff60fc0f000 	C:\Program Files\Java\jdk-14.0.2\bin\java.exe
0x00007ff8f7250000 - 0x00007ff8f7445000 	C:\WINDOWS\SYSTEM32\ntdll.dll
0x00007ff8ecf70000 - 0x00007ff8ecf83000 	C:\Program Files\Avast Software\Avast\aswhook.dll
0x00007ff8f5bd0000 - 0x00007ff8f5c8d000 	C:\WINDOWS\System32\KERNEL32.DLL
0x00007ff8f4a40000 - 0x00007ff8f4d09000 	C:\WINDOWS\System32\KERNELBASE.dll
0x00007ff8f4d10000 - 0x00007ff8f4e10000 	C:\WINDOWS\System32\ucrtbase.dll
0x00007ff8e30c0000 - 0x00007ff8e30d5000 	C:\Program Files\Java\jdk-14.0.2\bin\VCRUNTIME140.dll
0x00007ff8e2ec0000 - 0x00007ff8e2ed8000 	C:\Program Files\Java\jdk-14.0.2\bin\jli.dll
0x00007ff8f67d0000 - 0x00007ff8f687c000 	C:\WINDOWS\System32\ADVAPI32.dll
0x00007ff8f66f0000 - 0x00007ff8f678e000 	C:\WINDOWS\System32\msvcrt.dll
0x00007ff8f6ff0000 - 0x00007ff8f708c000 	C:\WINDOWS\System32\sechost.dll
0x00007ff8f5330000 - 0x00007ff8f545b000 	C:\WINDOWS\System32\RPCRT4.dll
0x00007ff8f6e50000 - 0x00007ff8f6ff0000 	C:\WINDOWS\System32\USER32.dll
0x00007ff8e2120000 - 0x00007ff8e23ba000 	C:\WINDOWS\WinSxS\amd64_microsoft.windows.common-controls_6595b64144ccf1df_6.0.19041.844_none_ca00b6081b84eb1d\COMCTL32.dll
0x00007ff8f6790000 - 0x00007ff8f67ba000 	C:\WINDOWS\System32\GDI32.dll
0x00007ff8f51a0000 - 0x00007ff8f52ab000 	C:\WINDOWS\System32\gdi32full.dll
0x00007ff8f50a0000 - 0x00007ff8f513d000 	C:\WINDOWS\System32\msvcp_win.dll
0x00007ff8f5170000 - 0x00007ff8f5192000 	C:\WINDOWS\System32\win32u.dll
0x00007ff8f2860000 - 0x00007ff8f286a000 	C:\WINDOWS\SYSTEM32\VERSION.dll
0x00007ff8f5b30000 - 0x00007ff8f5b60000 	C:\WINDOWS\System32\IMM32.DLL
0x00007ff8de3b0000 - 0x00007ff8de44b000 	C:\Program Files\Java\jdk-14.0.2\bin\msvcp140.dll
0x00007ff88df70000 - 0x00007ff88ea8e000 	C:\Program Files\Java\jdk-14.0.2\bin\server\jvm.dll
0x00007ff8f5530000 - 0x00007ff8f5538000 	C:\WINDOWS\System32\PSAPI.DLL
0x00007ff8e31f0000 - 0x00007ff8e3217000 	C:\WINDOWS\SYSTEM32\WINMM.dll
0x00007ff8e0a80000 - 0x00007ff8e0a89000 	C:\WINDOWS\SYSTEM32\WSOCK32.dll
0x00007ff8f5b60000 - 0x00007ff8f5bcb000 	C:\WINDOWS\System32\WS2_32.dll
0x00007ff8f2960000 - 0x00007ff8f2972000 	C:\WINDOWS\SYSTEM32\kernel.appcore.dll
0x00007ff8ee670000 - 0x00007ff8ee67a000 	C:\Program Files\Java\jdk-14.0.2\bin\jimage.dll
0x00007ff8ea2f0000 - 0x00007ff8ea4d4000 	C:\WINDOWS\SYSTEM32\DBGHELP.DLL
0x00007ff8f2910000 - 0x00007ff8f293c000 	C:\WINDOWS\SYSTEM32\dbgcore.DLL
0x00007ff8f4e10000 - 0x00007ff8f4e90000 	C:\WINDOWS\System32\bcryptPrimitives.dll
0x00007ff8e27c0000 - 0x00007ff8e27e5000 	C:\Program Files\Java\jdk-14.0.2\bin\java.dll
0x00007ff8e2ea0000 - 0x00007ff8e2eb6000 	C:\Program Files\Java\jdk-14.0.2\bin\zip.dll

dbghelp: loaded successfully - version: 4.0.5 - missing functions: none
symbol engine: initialized successfully - sym options: 0x614 - pdb path: .;C:\Program Files\Java\jdk-14.0.2\bin;C:\WINDOWS\SYSTEM32;C:\Program Files\Avast Software\Avast;C:\WINDOWS\WinSxS\amd64_microsoft.windows.common-controls_6595b64144ccf1df_6.0.19041.844_none_ca00b6081b84eb1d;C:\Program Files\Java\jdk-14.0.2\bin\server

VM Arguments:
jvm_args: -Dorg.gradle.appname=gradlew 
java_command: org.gradle.wrapper.GradleWrapperMain -q -Ptarget-platform=android-arm64 -Ptarget=E:\Flutter_programs\bark_n_bowss\bark\lib\main.dart -Ptrack-widget-creation=true -Pfilesystem-scheme=org-dartlang-root -Pdart-defines=flutter.inspector.structuredErrors%3Dtrue assembleDebug
java_class_path (initial): E:\Flutter_programs\bark_n_bowss\bark\android\\gradle\wrapper\gradle-wrapper.jar
Launcher Type: SUN_STANDARD

[Global flags]
     intx CICompilerCount                          = 3                                         {product} {ergonomic}
     uint ConcGCThreads                            = 1                                         {product} {ergonomic}
     uint G1ConcRefinementThreads                  = 4                                         {product} {ergonomic}
   size_t G1HeapRegionSize                         = 1048576                                   {product} {ergonomic}
    uintx GCDrainStackTargetSize                   = 64                                        {product} {ergonomic}
   size_t InitialHeapSize                          = 130023424                                 {product} {ergonomic}
   size_t MarkStackSize                            = 4194304                                   {product} {ergonomic}
   size_t MaxHeapSize                              = 2069889024                                {product} {ergonomic}
   size_t MinHeapDeltaBytes                        = 1048576                                   {product} {ergonomic}
   size_t MinHeapSize                              = 8388608                                   {product} {ergonomic}
    uintx NonNMethodCodeHeapSize                   = 5832780                                {pd product} {ergonomic}
    uintx NonProfiledCodeHeapSize                  = 122912730                              {pd product} {ergonomic}
    uintx ProfiledCodeHeapSize                     = 122912730                              {pd product} {ergonomic}
    uintx ReservedCodeCacheSize                    = 251658240                              {pd product} {ergonomic}
     bool SegmentedCodeCache                       = true                                      {product} {ergonomic}
   size_t SoftMaxHeapSize                          = 2069889024                             {manageable} {ergonomic}
     bool UseCompressedClassPointers               = true                                 {lp64_product} {ergonomic}
     bool UseCompressedOops                        = true                                 {lp64_product} {ergonomic}
     bool UseG1GC                                  = true                                      {product} {ergonomic}
     bool UseLargePagesIndividualAllocation        = false                                  {pd product} {ergonomic}

Logging:
Log output configuration:
 #0: stdout all=warning uptime,level,tags
 #1: stderr all=off uptime,level,tags

Environment Variables:
JAVA_HOME=C:\Program Files\Java\jdk-14.0.2
JRE_HOME=C:\Program Files\Java\jre1.8.0_251
CLASSPATH=E:\Flutter_programs\bark_n_bowss\bark\android\\gradle\wrapper\gradle-wrapper.jar
PATH=C:\Program Files (x86)\Common Files\Oracle\Java\javapath;C:\Program Files\Java\jdk-14.0.2\bin;C:\apache-tomcat-9.0.37\bin;C:\Users\DELL\AppData\Local\Android\Sdk\emulator;C:\WINDOWS\system32;C:\WINDOWS;C:\WINDOWS\System32\Wbem;C:\WINDOWS\System32\WindowsPowerShell\v1.0\;C:\oraclexe\app\oracle\product\10.2.0\server\bin;C:\WINDOWS\System32\OpenSSH\;%PATH%;C:\Program Files\Java\jdk-14.0.2;\bin;C:\apache-tomcat-9.0.37\bin;C:\apache-tomcat-9.0.37\lib\servlet-api.jar\servlet-api.jar;C:\Program Files\Git\cmd;C:\Program Files\apache-maven-3.6.3-bin\apache-maven-3.6.3\bin;C:\Program Files\apache-maven-3.6.3\bin;C:\Program Files\apache-maven-3.6.3\bin;C:\flutter\bin;C:\Users\DELL\AppData\Local\Android\Sdk\plateform-tools;C:\Users\DELL\AppData\Local\Android\Sdk\tools;C:\Users\DELL\phabricator\arcanist\bin;C:\Users\DELL\phabricator\arcanist\bin;C:\xampp\php;C:\composer;C:\Users\DELL\AppData\Local\Microsoft\WindowsApps;C:\Users\DELL\AppData\Local\Android\Sdk\emulator;C:\Users\DELL\AppData\Local\Programs\Microsoft VS Code\bin;C:\Users\DELL\AppData\Local\GitHubDesktop\bin;C:\Users\DELL\AppData\Roaming\Composer\vendor\bin;
USERNAME=DELL
OS=Windows_NT
PROCESSOR_IDENTIFIER=Intel64 Family 6 Model 78 Stepping 3, GenuineIntel



---------------  S Y S T E M  ---------------

OS: Windows 10 , 64 bit Build 19041 (10.0.19041.804)
OS uptime: 3 days 21:19 hours

CPU:total 4 (initial active 4) (2 cores per cpu, 2 threads per core) family 6 model 78 stepping 3, cmov, cx8, fxsr, mmx, sse, sse2, sse3, ssse3, sse4.1, sse4.2, popcnt, avx, avx2, aes, clmul, erms, 3dnowpref, lzcnt, ht, tsc, tscinvbit, bmi1, bmi2, adx, fma

Memory: 4k page, system-wide physical 7891M (634M free)
TotalPageFile size 16083M (AvailPageFile size 14M)
current process WorkingSet (physical memory assigned to process): 10M, peak: 10M
current process commit charge ("private bytes"): 176M, peak: 178M

vm_info: Java HotSpot(TM) 64-Bit Server VM (14.0.2+12-46) for windows-amd64 JRE (14.0.2+12-46), built on Jul  9 2020 00:35:52 by "mach5one" with MS VC++ 15.9 (VS2017)

END.
