#
# There is insufficient memory for the Java Runtime Environment to continue.
# Native memory allocation (malloc) failed to allocate 32744 bytes for ChunkPool::allocate
# Possible reasons:
#   The system is out of physical RAM or swap space
#   The process is running with CompressedOops enabled, and the Java Heap may be blocking the growth of the native heap
# Possible solutions:
#   Reduce memory load on the system
#   Increase physical memory or swap space
#   Check if swap backing store is full
#   Decrease Java heap size (-Xmx/-Xms)
#   Decrease number of Java threads
#   Decrease Java thread stack sizes (-Xss)
#   Set larger code cache with -XX:ReservedCodeCacheSize=
#   JVM is running with Unscaled Compressed Oops mode in which the Java heap is
#     placed in the first 4GB address space. The Java Heap base address is the
#     maximum limit for the native heap growth. Please use -XX:HeapBaseMinAddress
#     to set the Java Heap base and to place the Java Heap above 4GB virtual address.
# This output file may be truncated or incomplete.
#
#  Out of Memory Error (allocation.cpp:272), pid=11112, tid=0x0000000000001674
#
# JRE version: OpenJDK Runtime Environment (8.0_242-b01) (build 1.8.0_242-release-1644-b01)
# Java VM: OpenJDK 64-Bit Server VM (25.242-b01 mixed mode windows-amd64 compressed oops)
# Failed to write core dump. Minidumps are not enabled by default on client versions of Windows
#

---------------  T H R E A D  ---------------

Current thread (0x000000001790d800):  JavaThread "C2 CompilerThread1" daemon [_thread_in_native, id=5748, stack(0x0000000019420000,0x0000000019520000)]

Stack: [0x0000000019420000,0x0000000019520000]
[error occurred during error reporting (printing stack bounds), id 0xc0000005]

Native frames: (J=compiled Java code, j=interpreted, Vv=VM code, C=native code)


Current CompileTask:
C2:   2101  557       4       java.util.concurrent.ConcurrentHashMap::casTabAt (20 bytes)


---------------  P R O C E S S  ---------------

Java Threads: ( => current thread )
  0x0000000019028000 JavaThread "Service Thread" daemon [_thread_blocked, id=11760, stack(0x0000000019620000,0x0000000019720000)]
  0x0000000019026000 JavaThread "C1 CompilerThread2" daemon [_thread_blocked, id=5488, stack(0x0000000019520000,0x0000000019620000)]
=>0x000000001790d800 JavaThread "C2 CompilerThread1" daemon [_thread_in_native, id=5748, stack(0x0000000019420000,0x0000000019520000)]
  0x00000000178bb000 JavaThread "C2 CompilerThread0" daemon [_thread_in_native, id=924, stack(0x0000000018f20000,0x0000000019020000)]
  0x00000000178b9800 JavaThread "Attach Listener" daemon [_thread_blocked, id=5056, stack(0x0000000018e20000,0x0000000018f20000)]
  0x00000000178b6000 JavaThread "Signal Dispatcher" daemon [_thread_blocked, id=16256, stack(0x0000000018d20000,0x0000000018e20000)]
  0x0000000002f37800 JavaThread "Finalizer" daemon [_thread_blocked, id=17696, stack(0x0000000018b20000,0x0000000018c20000)]
  0x0000000017899000 JavaThread "Reference Handler" daemon [_thread_blocked, id=2544, stack(0x0000000018a20000,0x0000000018b20000)]
  0x0000000002e43800 JavaThread "main" [_thread_in_vm, id=4604, stack(0x0000000002d40000,0x0000000002e40000)]

Other Threads:
  0x0000000017877800 VMThread [stack: 0x0000000018920000,0x0000000018a20000] [id=1180]
  0x0000000019029800 WatcherThread [stack: 0x0000000019720000,0x0000000019820000] [id=13796]

VM state:not at safepoint (normal execution)

VM Mutex/Monitor currently owned by a thread: None

heap address: 0x0000000084a00000, size: 1974 MB, Compressed Oops mode: 32-bit
Narrow klass base: 0x0000000000000000, Narrow klass shift: 3
Compressed class space size: 1073741824 Address: 0x0000000100000000

Heap:
 PSYoungGen      total 36864K, used 15278K [0x00000000d6e00000, 0x00000000d9700000, 0x0000000100000000)
  eden space 31744K, 48% used [0x00000000d6e00000,0x00000000d7cebbf0,0x00000000d8d00000)
  from space 5120K, 0% used [0x00000000d9200000,0x00000000d9200000,0x00000000d9700000)
  to   space 5120K, 0% used [0x00000000d8d00000,0x00000000d8d00000,0x00000000d9200000)
 ParOldGen       total 84992K, used 0K [0x0000000084a00000, 0x0000000089d00000, 0x00000000d6e00000)
  object space 84992K, 0% used [0x0000000084a00000,0x0000000084a00000,0x0000000089d00000)
 Metaspace       used 5690K, capacity 5950K, committed 6144K, reserved 1056768K
  class space    used 644K, capacity 749K, committed 768K, reserved 1048576K

Card table byte_map: [0x0000000012300000,0x00000000126e0000] byte_map_base: 0x0000000011edb000

Marking Bits: (ParMarkBitMap*) 0x00000000716ef030
 Begin Bits: [0x0000000012d80000, 0x0000000014c58000)
 End Bits:   [0x0000000014c58000, 0x0000000016b30000)

Polling page: 0x0000000002c50000

CodeCache: size=245760Kb used=2351Kb max_used=2351Kb free=243408Kb
 bounds [0x0000000002f40000, 0x00000000031b0000, 0x0000000011f40000]
 total_blobs=851 nmethods=555 adapters=210
 compilation: enabled

Compilation events (10 events):
Event: 2.030 Thread 0x0000000019026000 nmethod 553 0x0000000003184d50 code [0x0000000003184f80, 0x0000000003185b58]
Event: 2.030 Thread 0x0000000019026000  552       1       java.util.jar.JarFile::access$300 (5 bytes)
Event: 2.030 Thread 0x0000000019026000 nmethod 552 0x0000000003185f90 code [0x00000000031860e0, 0x00000000031861d0]
Event: 2.032 Thread 0x0000000019026000  554  s!   3       java.net.URLStreamHandler::getHostAddress (54 bytes)
Event: 2.033 Thread 0x0000000019026000 nmethod 554 0x0000000003186250 code [0x0000000003186400, 0x0000000003186bb8]
Event: 2.033 Thread 0x0000000019026000  556   !   3       java.net.URL::<init> (543 bytes)
Event: 2.035 Thread 0x000000001790d800  557       4       java.util.concurrent.ConcurrentHashMap::casTabAt (20 bytes)
Event: 2.037 Thread 0x0000000019026000 nmethod 556 0x0000000003186f10 code [0x00000000031873c0, 0x000000000318a4d8]
Event: 2.037 Thread 0x0000000019026000  555       3       java.net.URL::<init> (8 bytes)
Event: 2.037 Thread 0x0000000019026000 nmethod 555 0x000000000318c8d0 code [0x000000000318ca40, 0x000000000318cbc8]

GC Heap History (0 events):
No events

Deoptimization events (0 events):
No events

Classes redefined (0 events):
No events

Internal exceptions (10 events):
Event: 0.118 Thread 0x0000000002e43800 Exception <a 'java/lang/NoSuchMethodError': Method sun.misc.Unsafe.defineClass(Ljava/lang/String;[BII)Ljava/lang/Class; name or signature does not match> (0x00000000d6e07cc8) thrown at [C:\src\AOSP-openjdk-git\hotspot\src\share\vm\prims\jni.cpp, line 4013
Event: 0.119 Thread 0x0000000002e43800 Exception <a 'java/lang/NoSuchMethodError': Method sun.misc.Unsafe.prefetchRead(Ljava/lang/Object;J)V name or signature does not match> (0x00000000d6e07fb0) thrown at [C:\src\AOSP-openjdk-git\hotspot\src\share\vm\prims\jni.cpp, line 4013]
Event: 0.460 Thread 0x0000000002e43800 Exception <a 'java/security/PrivilegedActionException'> (0x00000000d6fb9640) thrown at [C:\src\AOSP-openjdk-git\hotspot\src\share\vm\prims\jvm.cpp, line 1502]
Event: 0.460 Thread 0x0000000002e43800 Exception <a 'java/security/PrivilegedActionException'> (0x00000000d6fb9850) thrown at [C:\src\AOSP-openjdk-git\hotspot\src\share\vm\prims\jvm.cpp, line 1502]
Event: 0.463 Thread 0x0000000002e43800 Exception <a 'java/security/PrivilegedActionException'> (0x00000000d6fbd458) thrown at [C:\src\AOSP-openjdk-git\hotspot\src\share\vm\prims\jvm.cpp, line 1502]
Event: 0.463 Thread 0x0000000002e43800 Exception <a 'java/security/PrivilegedActionException'> (0x00000000d6fbd668) thrown at [C:\src\AOSP-openjdk-git\hotspot\src\share\vm\prims\jvm.cpp, line 1502]
Event: 0.464 Thread 0x0000000002e43800 Exception <a 'java/security/PrivilegedActionException'> (0x00000000d6fbeba0) thrown at [C:\src\AOSP-openjdk-git\hotspot\src\share\vm\prims\jvm.cpp, line 1502]
Event: 0.464 Thread 0x0000000002e43800 Exception <a 'java/security/PrivilegedActionException'> (0x00000000d6fbedb0) thrown at [C:\src\AOSP-openjdk-git\hotspot\src\share\vm\prims\jvm.cpp, line 1502]
Event: 0.835 Thread 0x0000000002e43800 Exception <a 'java/lang/NoSuchFieldError': method resolution failed> (0x00000000d7199748) thrown at [C:\src\AOSP-openjdk-git\hotspot\src\share\vm\prims\methodHandles.cpp, line 1167]
Event: 0.839 Thread 0x0000000002e43800 Exception <a 'java/lang/NoSuchFieldError': method resolution failed> (0x00000000d71a6d60) thrown at [C:\src\AOSP-openjdk-git\hotspot\src\share\vm\prims\methodHandles.cpp, line 1167]

Events (10 events):
Event: 2.032 loading class org/gradle/internal/time/TimeSource
Event: 2.032 loading class org/gradle/internal/time/TimeSource done
Event: 2.032 loading class org/gradle/internal/time/TimeSource$1
Event: 2.032 loading class org/gradle/internal/time/TimeSource$1 done
Event: 2.033 loading class org/gradle/internal/logging/slf4j/OutputEventListenerBackedLoggerContext$NoOpLogger
Event: 2.033 loading class org/gradle/internal/logging/slf4j/OutputEventListenerBackedLoggerContext$NoOpLogger done
Event: 2.033 loading class org/gradle/api/logging/Logger
Event: 2.033 loading class org/gradle/api/logging/Logger done
Event: 2.035 loading class org/gradle/internal/logging/sink/OutputEventRenderer
Event: 2.035 loading class org/gradle/internal/logging/sink/OutputEventRenderer done


Dynamic libraries:
0x00007ff68f4e0000 - 0x00007ff68f511000 	C:\Program Files\Android\Android Studio\jre\bin\java.exe
0x00007ff876f70000 - 0x00007ff877165000 	C:\WINDOWS\SYSTEM32\ntdll.dll
0x00007ff86d950000 - 0x00007ff86d963000 	C:\Program Files\Avast Software\Avast\aswhook.dll
0x00007ff876540000 - 0x00007ff8765fd000 	C:\WINDOWS\System32\KERNEL32.DLL
0x00007ff8749e0000 - 0x00007ff874ca8000 	C:\WINDOWS\System32\KERNELBASE.dll
0x00007ff876e80000 - 0x00007ff876f2c000 	C:\WINDOWS\System32\ADVAPI32.dll
0x00007ff874fd0000 - 0x00007ff87506e000 	C:\WINDOWS\System32\msvcrt.dll
0x00007ff875c20000 - 0x00007ff875cbb000 	C:\WINDOWS\System32\sechost.dll
0x00007ff8754e0000 - 0x00007ff87560b000 	C:\WINDOWS\System32\RPCRT4.dll
0x00007ff875d80000 - 0x00007ff875f20000 	C:\WINDOWS\System32\USER32.dll
0x00007ff874e10000 - 0x00007ff874e32000 	C:\WINDOWS\System32\win32u.dll
0x00007ff8764b0000 - 0x00007ff8764da000 	C:\WINDOWS\System32\GDI32.dll
0x00007ff874730000 - 0x00007ff87483b000 	C:\WINDOWS\System32\gdi32full.dll
0x00007ff874840000 - 0x00007ff8748dd000 	C:\WINDOWS\System32\msvcp_win.dll
0x00007ff8748e0000 - 0x00007ff8749e0000 	C:\WINDOWS\System32\ucrtbase.dll
0x00007ff868750000 - 0x00007ff8689ea000 	C:\WINDOWS\WinSxS\amd64_microsoft.windows.common-controls_6595b64144ccf1df_6.0.19041.844_none_ca00b6081b84eb1d\COMCTL32.dll
0x00007ff875d50000 - 0x00007ff875d80000 	C:\WINDOWS\System32\IMM32.DLL
0x0000000072730000 - 0x0000000072802000 	C:\Program Files\Android\Android Studio\jre\jre\bin\msvcr100.dll
0x0000000070f20000 - 0x000000007176b000 	C:\Program Files\Android\Android Studio\jre\jre\bin\server\jvm.dll
0x00007ff875070000 - 0x00007ff875078000 	C:\WINDOWS\System32\PSAPI.DLL
0x00007ff866340000 - 0x00007ff866349000 	C:\WINDOWS\SYSTEM32\WSOCK32.dll
0x00007ff875470000 - 0x00007ff8754db000 	C:\WINDOWS\System32\WS2_32.dll
0x00007ff868f70000 - 0x00007ff868f97000 	C:\WINDOWS\SYSTEM32\WINMM.dll
0x00007ff86dd30000 - 0x00007ff86dd3a000 	C:\WINDOWS\SYSTEM32\VERSION.dll
0x00007ff871fc0000 - 0x00007ff871fcf000 	C:\Program Files\Android\Android Studio\jre\jre\bin\verify.dll
0x00007ff859c20000 - 0x00007ff859c49000 	C:\Program Files\Android\Android Studio\jre\jre\bin\java.dll
0x00007ff86d0c0000 - 0x00007ff86d0d6000 	C:\Program Files\Android\Android Studio\jre\jre\bin\zip.dll
0x00007ff876730000 - 0x00007ff876e72000 	C:\WINDOWS\System32\SHELL32.dll
0x00007ff8727d0000 - 0x00007ff872f61000 	C:\WINDOWS\SYSTEM32\windows.storage.dll
0x00007ff875110000 - 0x00007ff875465000 	C:\WINDOWS\System32\combase.dll
0x00007ff874050000 - 0x00007ff87407c000 	C:\WINDOWS\SYSTEM32\Wldp.dll
0x00007ff875970000 - 0x00007ff875a1e000 	C:\WINDOWS\System32\SHCORE.dll
0x00007ff875bc0000 - 0x00007ff875c15000 	C:\WINDOWS\System32\shlwapi.dll
0x00007ff8745f0000 - 0x00007ff87460f000 	C:\WINDOWS\SYSTEM32\profapi.dll
0x00007ff868e40000 - 0x00007ff868e5a000 	C:\Program Files\Android\Android Studio\jre\jre\bin\net.dll
0x00007ff873dc0000 - 0x00007ff873e2a000 	C:\WINDOWS\system32\mswsock.dll
0x00007ff868d70000 - 0x00007ff868d83000 	C:\Program Files\Android\Android Studio\jre\jre\bin\nio.dll

VM Arguments:
jvm_args: -Dorg.gradle.appname=gradlew 
java_command: org.gradle.wrapper.GradleWrapperMain -q -Ptarget-platform=android-arm64 -Ptarget=E:\Flutter_programs\bark_n_bowss\bark\lib\main.dart -Ptrack-widget-creation=true -Pfilesystem-scheme=org-dartlang-root -Pdart-defines=flutter.inspector.structuredErrors%3Dtrue assembleDebug
java_class_path (initial): E:\Flutter_programs\bark_n_bowss\bark\android\\gradle\wrapper\gradle-wrapper.jar
Launcher Type: SUN_STANDARD

Environment Variables:
JAVA_HOME=C:\Program Files\Android\Android Studio\jre
JRE_HOME=C:\Program Files\Java\jre1.8.0_251
CLASSPATH=E:\Flutter_programs\bark_n_bowss\bark\android\\gradle\wrapper\gradle-wrapper.jar
USERNAME=DELL
OS=Windows_NT
PROCESSOR_IDENTIFIER=Intel64 Family 6 Model 78 Stepping 3, GenuineIntel



---------------  S Y S T E M  ---------------

OS: Windows 10.0 , 64 bit Build 19041 (10.0.19041.928)

CPU:total 4 (initial active 4) (2 cores per cpu, 2 threads per core) family 6 model 78 stepping 3, cmov, cx8, fxsr, mmx, sse, sse2, sse3, ssse3, sse4.1, sse4.2, popcnt, avx, avx2, aes, clmul, erms, 3dnowpref, lzcnt, ht, tsc, tscinvbit, bmi1, bmi2, adx

Memory: 4k page, physical 8080816k(1069656k free), swap 16469424k(1736k free)

vm_info: OpenJDK 64-Bit Server VM (25.242-b01) for windows-amd64 JRE (1.8.0_242-release-1644-b01), built by "builder" with MS VC++ 10.0 (VS2010)

time: Sat May 01 00:10:39 2021
timezone: India Standard Time
elapsed time: 2 seconds (0d 0h 0m 2s)

